1:
Members: 4 36 47 48 52 53 54 67 70 71 328 330 333 334 339 341 422 448 457 459 466 528 530 531 532 533 563 566 859 860 862 864 865 866 867 905 950 981 985 986 1000 1012 1016 1018 1026 1032 1041 1042 1043 1044 1078 1079 1086 1087 1088 1095 1096 1100 1101 1120 1122 1123 1124 1126 1127 1167 1176 1177 1182 1183 1185 1187 1196 1197 1199 1265 1268 1271 1274 1284 1285 1286 1287 1294 1296 1319 1320 1321 1364 1444 1449 1450 1451 1452 1461 1751 1753 1813 1814 1846 1847 1861 1878 1880 1882 1910 1931 1932 1933 1950 1960 1963 1965 1969 1973 1974 1975 1976 2003 2033 2034 2042 2068 2069 2090 2097 2098 2100 2103 2127 2172 2175 2176 2195 2199 2200 2202 2206 2244 2247 2250 2251 2258 2260 2274 2275 2276 2293 2294 2295 2319 2363 2364 2396 2432 2434 2478 2479 2485 2487 2490 2520 2526 2528 2535 2590 2637 2638 2659 2661 2666 2677 2678 2679 2682 2684 2706 2709 2710 2713 2717 2718 2731 2732 2735 2738 2766 2773 2785 2786 2801 2802 2805 2814 2832 2835 2836 2838 2839 2840 2853 2854 2889 2892 2895 2897 2902 2917 2963 2974 2975 2991 2995 3011 3017 3034 3035 3037 3038 3041 3073 3075 3095 3096 3151 3152 3153 3154 3176 3177 3182 3183 3230 3241 3262 3265 3289 3308 3320 3321 3328 3512 3524 3525 3527 3538 3540 3552 3553 3556 3558 3563 3568 3579 3580 3583 3587 3600 3601 3620 3623 3638 3639 3646 3652 3654 3655 3659 3690 3693 3728 3729 3730 3732 3733 3746 3765 3766

2:
Members: 102 103 118 155 156 157 165 166 171 172 174 203 206 207 209 210 239 244 895 896 1496 1497 1525 1528 1544 1545 1549 1550 1551 1552 1553 1554 1557 1558 1572 1591 1655 1682 1683 1684 1694 1696 1756 1757 1758 1762 1793 1794 1911 1918 1919 1927 1928 1929 1987 1990 2014 2026 2028 2029 2030 2066 2070 2072 2073 2123 2129 2130 2131 2144 2145 2152 2155 2157 2197 2198 2239 2296 2302 2303 2304 2339 2352 2353 2355 2359 2362 2370 2372 2373 2374 2381 2392 2409 2427 2430 2433 2444 2445 2450 2455 2475 2476 2533 2537 2539 2540 2541 2543 2545 2548 2549 2583 2607 2609 2612 2632 2635 2636 2641 2648 2649 2651 2655 2665 2668 2700 2720 2724 2725 2734 2741 2760 2768 2772 2775 2778 2779 2787 2788 2791 2824 2825 2850 2851 2852 2858 2859 2860 2861 2862 2863 2864 2865 2873 2875 2876 2877 2879 2883 2886 2890 2910 2911 2912 2994 3584 3585 3593 3626 3627 3628 3633 3634 3649 3650 3653 3670 3764 3804 3816 3820 3822 3826 3865 3866 3867 3869 3872 3874 3888 3889 3891 3892 3893 3895 4033 4114 4127 4136 4179 4242 4244 4256 4266 4271 4272 4273 4274 4282 4290 4346 4351 4352 4354 4356 4443 4497 4503 4515 4530 4711 4712 4713 4714 4721 5044 5080 5081 5083 5100 5110 5113 5114 5173 5177 5178 5180 5244 5259 5260 5266 5273 5345 5346 5347 5351 5374 5376 5399 5409 5410 5411 5436 5437 5440 5441 5446 5447 5448 5449 5450 5615 5616 5747

3:
Members: 692 1059 1065 1069 1070 1186 1188 1189 1193 1206 1212 1218 1240 1244 1247 1248 1249 1251 1253 1260 1261 1262 1264 1377 1390 1419 1420 1425 1656 1659 1661 1664 1665 1685 1781 1782 1836 1875 1879 1881 1883 1890 1892 1895 1898 1908 1922 1923 1924 1941 1942 1943 1946 1947 1949 1957 1958 1959 1970 1981 2004 2005 2074 2075 2081 2092 2094 2119 2120 2124 2125 2126 2135 2140 2142 2156 2159 2160 2162 2163 2211 2212 2213 2367 2387 2405 2882 2891 2893 2898 3194 3196 3197 3224 3312 3315 3317 3327 3340 3342 3407 3463 3464 3465 3669 3672 3681 3683 3688 3708 3801 3803 3830 3832 3833 3863 3926 3930 3935 3937 3943 3950 3951 3972 4113 4118 4119 4137 4139 4142 4148 4150 4243 4254 4255 4286 4287 4299 4300 4312 5357 5371 5372 5390 5391 5392 5402 5418 5420 5426 5431 5439 5474 5475 5523 5525 5526 5589 5590 5594 5596 5621 5873 5874 5877 5942 5943 5953 5954 5955 5958 5961

4:
Members: 2751 2752 2753 2754 2888 2913 2920 2921 2936 2937 2940 2941 2946 2966 2980 2982 2990 3000 3003 3004 3555 3641 3647 3648 3685 3705 3734 3736 3737 3738 3864 3873 3876 3878 3879 3880 3921 3922 4027 4105 4107 4108 4109 4110 4132 4143 4144 4145 4168 4172 4177 4202 4204 4231 4298 4318 4337 4338 4339 4340 4372 4609 4612 4901 4902 4907 4927 4929 4930 4931 4932 4938 4961 5339 5485 5532 5533 5545 5586 5588 5597 5640 5651 5659 5663 5666 5668 5675 5678 5761 5762 5763 5764 5765 5768 5805 5820 5821 5823 5828 5829 5832 5850 5858 5861 5891 5893 5923 5926 5929 5932 5933 5947 5948 5949 5950 5951 5963 5969 5975 5982 5986 5993 5994

5:
Members: 32 176 178 190 211 212 213 228 246 247 248 941 942 957 958 1142 1145 1147 1169 1170 1172 1174 1184 1254 1255 1259 1277 1278 1282 1283 1293 1295 1312 1326 1328 1334 1352 1357 1358 1380 1381 1389 1403 1404 1411 1431 1438 1441 1460 1469 1471 1541 1547 1548 1563 1565 1700 1704 2002 2017 2020 2022 2025 2096 2099 2104 2109 2146 2165 2177 2178 2179 2182 2187 2188 2286 2305 2461 2462 2496 2505 2513 2521 2523 2531 2564 2634 2740 2745 2746 2806 2808 2809 2815 2816

6:
Members: 1703 1717 1857 1858 1866 1893 1896 2377 2557 2558 2567 2568 2569 2570 2571 2572 2575 2576 2743 2744 2759 2762 2763 2764 2765 2783 2796 2810 2908 2935 2942 2953 2964 2967 2969 2972 2984 2985 2988 3026 3036 3039 3040 3044 3045 3047 3048 3051 3052 3054 3055 3056 3061 3062 3063 3070 3088 3107 3134 3135 3138 3139 3140 3142 3145 3146 3251 3266 3270 3271 3272 3273 3295 3296 3297 3298 3304 3306 3316

7:
Members: 322 327 329 331 384 386 407 412 420 421 438 441 450 453 468 472 473 474 479 520 523 535 536 538 557 565 571 572 579 627 639 652 660 661 663 664 729 914 916 918 935 1017 1028 1029 1057 4067 4072 4079 4128 4146 4147 4170 4193 4196 4200 4246 4247 4250 4253 4258 4260 4261 4262 4264 4267 4268 4396

8:
Members: 650 671 674 701 704 705 709 710 712 726 1359 1360 1370 1373 1375 1398 1408 1412 1418 1491 1494 1495 1499 1505 1510 1511 1536 2137 2138 2153 2154 2158 2171 2184 2190 2191 2193 2203 2205 2207 2208 2214 2215 2216 2217 2219 2222 2228 2232 2233 2234 2237 2238 2278 2279 2344 2345 2390 3687 3699 3702 3704 3715 3798 3840 3845

9:
Members: 1215 1221 1222 1229 1242 1243 1299 1300 1301 2578 2579 2580 2593 2595 2598 2599 2614 2617 2658 2669 2670 2683 2685 2686 2687 2688 2691 2694 2695 2696 2698 2699 2701 2737 2739 2756 2774 2780 3193 5012 5038 5042 5043 5096 5097 5120 5122 5124 5136 5141 5144 5163 5167 5170 5189

10:
Members: 619 621 622 628 653 657 3673 3900 3901 3924 3953 3955 3957 3958 3959 3988 3994 3996 4000 4001 4005 4010 4011 4015 4016 4018 4019 4020 4026 4028 4029 4030 4038 4048 4050 4103 4106 5203 5211 5213 5221 5223 5230 5235 5236

11:
Members: 700 706 708 711 730 731 732 733 741 743 744 745 920 928 930 1902 1903 1904 1907 1930 1953 1954 1961 2856 2884 2885 2887 2901 2905 3904 3905 4214 4866 4867 5283 5284 5286 5291 5295 5681 5715

12:
Members: 2938 2939 3086 3087 3113 3114 3120 3121 3123 3131 3133 3168 3169 3171 3191 3192 3195 3221 3231 3232 3233 3239 3240 3242 3243 3245 3246 3247 3264 3276 3278 3288 3292 3293 3334 3341 3346 3347 3351 3411

13:
Members: 3406 3408 3409 3410 3418 3438 3439 3440 3443 3461 3467 3470 3500 3502 3554 3570 3572 3573 4124 4169 4218 4220 4229 4270 4275 4276 4283 4284 4285 4295 4303 4311 4327 4329 4330 4336 4377 4378 4379 4381

14:
Members: 960 961 964 966 967 970 971 974 977 978 980 984 1045 1046 1048 1049 1050 1052 1054 1084 1085 1152 1433 1437 1446 1447 4583 4597 4600 4607 4617 4638 4639 4648 4657 4661 4687 4704 4705 4706

15:
Members: 1010 1011 1022 2241 2242 2243 2245 2249 2435 2437 2484 2502 2503 2514 2542 2544 2559 2610 2611 2615 2616 2619 2622 2624 2644 2645 2654 3986 3999 4014 4017 4031 4032 4034 4045 4046 4053 4059 4061 4063

16:
Members: 734 757 764 765 767 768 781 792 793 827 828 833 834 836 837 839 840 842 844 851 881 908 912 947 949 959 983 987 989 995 1004 1007 1008 1009 1033 1034 1083 1090 1098

17:
Members: 20 34 38 42 43 44 60 138 139 140 141 142 143 148 153 154 163 175 179 191 192 193 224 227 274 275 276 278 279 283 284 285 1834 1843 1844 2062 2063

18:
Members: 4686 4690 4743 4746 4747 4755 4773 4774 4786 4787 4788 4789 4809 4810 4814 4815 4817 4818 4879 4880 4882 4883 4884 4885 4890 4896 4906 4921 4937 4966 4981 4982 4983 4985 4986

19:
Members: 1693 1699 1702 1721 1722 1727 1729 5337 5348 5524 5529 5530 5531 5535 5601 5612 5613 5617 5628 5629 5630 5633 5656 5657 5703 5707 5745 5749 5750 5759 5760 5790 5791 5793

20:
Members: 2667 2681 5462 5465 5466 5467 5493 5500 5501 5503 5504 5517 5520 5539 5543 5544 5546 5556 5643 5650 5661 5662 5664 5671 5814 5822 5826 5875 5900 5901 5909 5911 5912 5913

21:
Members: 1906 1909 1956 1998 1999 2000 3330 4138 4760 4761 4772 4775 4785 4792 4811 4812 4813 4870 5705 5734 5735 5738 5739 5754 5755 5775 5785 5801 5802 5808 5825 5827

22:
Members: 2577 2601 2602 2603 2623 2625 2692 2693 2704 2733 2736 2749 2750 2755 2757 2758 2769 2771 2781 2782 2793 2794 2795 2798 2843 2849 2855 2866 2867 3006 3007

23:
Members: 1051 4667 4668 4672 4674 4675 4697 4708 4709 4710 4717 4718 4723 4764 4767 4779 4782 4783 4784 4840 4855 4856 4908 4910 4973 5014 5015 5016 5050 5052 5053

24:
Members: 3104 3106 3115 3821 3825 3841 3843 3854 3855 3898 3908 3909 3912 3915 3916 3923 3925 3927 3933 3934 3941 3945 3948 3949 3961 3964 3965 3966 3968 3969 3970

25:
Members: 5883 5889 5890 5892 5894 5895 5896 5897 5903 5904 5918 5920 5936 5941 5944 5956 5957 5959 5960 5962 5965 5967 5968 5971 5972 5974 5991 5996 5998 5999

26:
Members: 1562 1566 1567 1576 1597 1678 1679 1680 1706 1724 1738 1746 1748 1775 1776 1777 1778 1779 1800 1805 1806 1807 1809 1821 1826 1827 1831 1833 4944

27:
Members: 204 205 3066 3067 3071 3072 3083 3084 3085 3102 3110 3116 3117 3124 3125 3126 3127 3128 3130 3156 3184 3185 3444 3483 3609 4280 4380 4400 4404

28:
Members: 2128 2133 2166 2167 2168 2173 2221 2282 2283 2299 2317 2318 2341 2342 2343 2346 2356 2357 2360 2382 2397 2398 2400 2403 2407 2408 2412 2414

29:
Members: 5408 5425 5461 5496 5537 5541 5553 5570 5573 5574 5577 5578 5591 5611 5626 5637 5641 5642 5665 5667 5669 5672 5673 5679 5682 5835 5842 5871

30:
Members: 3015 3021 3022 3023 3042 3049 3050 3257 3258 3259 3263 3352 3353 3360 3363 3372 3387 3389 3391 3511 3523 3533 3541 3542 4933 4934

31:
Members: 1361 1362 1365 1368 1372 1374 1376 1383 1384 1386 1387 1391 1400 1409 1448 1453 1456 1458 1459 1487 1490 1492 1493 1498 1504

32:
Members: 69 1306 1307 1311 1313 1322 1323 1325 1350 1353 1508 1587 1588 1590 1600 1838 2847 2848 3175 3180 3181 3375 3383 3384 3385 3424 3427

33:
Members: 3615 3617 3618 3928 3929 3932 4768 4769 4771 4793 4795 4796 4799 4802 4804 4807 4808 4823 4851 4858 4864 4873 4874 4875 4878

34:
Members: 5338 5343 5344 5358 5359 5377 5381 5384 5385 5395 5406 5407 5423 5424 5428 5430 5625 5634 5635 5636 5638 5639 5644 5645 5660

35:
Members: 269 1417 1465 1466 1474 1768 1770 1771 1798 1799 1820 1823 1862 1863 1864 1865 1868 1869 1874 1876 1877 1886 1887 1891

36:
Members: 2620 2628 2790 2797 2799 2800 2807 2811 2812 2817 2819 2822 2841 2906 2930 2931 2932 2945 2947 2948 2949 2950 2951 3995

37:
Members: 92 137 180 242 249 253 254 1025 2574 2586 2589 2594 2596 2597 2600 2604 2605 2606 2674 2675 2676 2680 2715

38:
Members: 195 197 198 250 256 258 1382 2169 2174 2180 2183 2186 2453 2495 2618 2629 2630 2631 2633 2642 2646 2671 2672

39:
Members: 2512 3471 3535 3536 3537 3549 3550 3551 3566 3567 3571 4152 4161 4166 4167 4171 4182 4188 4191 4192 4194 4213 4481

40:
Members: 4223 4252 4277 4279 4296 4297 4301 4302 4319 4321 4322 4382 4383 4384 4420 4421 4425 4427 4429 4430 4431 4539

41:
Members: 1500 5075 5076 5088 5089 5134 5137 5138 5139 5156 5158 5159 5160 5161 5162 5164 5166 5174 5227 5229 5241 5247

42:
Members: 2869 3445 3446 3522 3526 3530 3565 3588 3589 3596 3599 3605 3616 3635 3637 3662 3817 3838 4126 4199 4216

43:
Members: 5002 5007 5018 5020 5021 5023 5024 5039 5168 5171 5172 5175 5192 5196 5197 5204 5242 5287 5289 5293 5317

44:
Members: 5718 5719 5720 5727 5836 5843 5844 5846 5848 5849 5851 5852 5853 5860 5867 5869 5872 5876 5884 5898 5899

45:
Members: 3159 3163 3165 3166 3199 3209 3212 3213 3214 3217 3218 3219 3220 3229 3234 3235 3236 3237 3238 3250 3253

46:
Members: 1671 1673 1677 1687 1701 1705 1707 1708 1709 1749 1765 1766 2981 2983 2986 2989 3002 3016 3018 3019 3020

47:
Members: 64 65 77 78 79 104 119 181 183 185 194 200 201 303 304 2438 2439 2448 2452 2454

48:
Members: 81 82 84 87 122 128 129 132 222 223 226 235 236 240 380 383 393 394 442 5766

49:
Members: 1537 1569 1579 1580 1581 1583 1592 1593 1601 1602 1603 1615 1630 1631 1646 1651 1652 1653 1654 1657

50:
Members: 773 783 3064 3186 3187 3190 3205 3206 3207 3208 3487 3488 3490 3557 3590 3614 3630 3631 3632

51:
Members: 481 484 489 493 497 503 505 506 507 508 513 514 517 518 519 524 534 551

52:
Members: 1203 1204 1205 1217 1227 1266 1267 1272 1290 1291 1292 1297 1298 1305 1308 1309 1317 1331

53:
Members: 1627 1628 2420 3421 3422 3423 3496 3504 3505 3506 3507 3508 3510 3513 3514 3515 3597 3598 3610

54:
Members: 5123 5150 5151 5185 5186 5187 5190 5191 5201 5215 5218 5225 5228 5272 5294 5330 5360 5677

55:
Members: 5855 5856 5857 5863 5864 5865 5866 5868 5885 5886 5916 5917 5921 5924 5925 5966 6001 6002

56:
Members: 2914 2916 2923 2965 2971 3883 4219 4224 4226 4227 4228 5632 5646 5647 5684 5717 5723 5746

57:
Members: 2857 5456 5463 5464 5470 5471 5472 5473 5521 5522 5528 5549 5554 5557 5558 5576 5584 5585

58:
Members: 369 370 2016 2019 2024 2027 2036 2037 2038 2040 2043 2054 2055 2059 2060 2061 2714

59:
Members: 431 553 554 573 575 578 582 583 587 607 662 669 670 689 691 693 3269

60:
Members: 2375 2376 2379 2428 2429 2440 2441 2442 2443 2449 2457 2464 2465 2468 2477 2480 2481

61:
Members: 567 612 636 666 667 3366 4495 4496 4501 4520 4524 4525 4526 4529 4532 4534 4572

62:
Members: 480 699 1485 2726 2727 2729 2730 3735 3741 3742 3797 3799 3802 3805 4075 4084 4094

63:
Members: 188 342 358 359 375 390 403 405 1235 1238 1250 1968 1977 1996 1997 2056

64:
Members: 1161 1171 1173 1175 1191 1192 1210 1213 1214 1216 1226 1252 1269 1270 1786 1787

65:
Members: 2507 2508 2511 2515 2517 2530 2532 3094 3884 3885 3886 3896 3897 4151 5087 5091

66:
Members: 4398 4406 4408 4411 4412 4428 4432 4434 4449 4450 4451 4452 4457 4460 4487 4592

67:
Members: 110 111 113 130 131 167 169 170 173 177 196 309 311 314 315 1689 3786

68:
Members: 945 946 1422 1423 1889 2052 2067 3359 3361 3362 3679 3903 5451 5452 5453 5870

69:
Members: 2209 2210 2218 2220 2226 2230 2240 2259 2261 2263 2265 2268 2269 2270 2273

70:
Members: 3215 3222 3225 3252 3254 3255 3256 3274 3275 3286 3287 3301 3302 3310 3311

71:
Members: 4078 4141 4154 4158 4159 4160 4162 4173 4174 4175 4176 4178 4180 4184 4186

72:
Members: 120 121 123 124 147 3754 3759 3760 3763 3768 3770 3784 3806 3807 3811 3844

73:
Members: 4388 4391 4472 4502 4508 4509 4510 4548 4549 4551 4552 4553 4574 4581 4608

74:
Members: 822 825 832 841 845 846 892 894 923 925 933 1158 1159 1160 1162

75:
Members: 12 14 24 25 26 27 45 55 56 57 61 88 89 4081

76:
Members: 910 915 919 921 922 926 929 931 934 943 955 979 4440 5003

77:
Members: 1555 1556 1568 1570 1571 1573 1577 1578 1584 1599 1605 1606 1607 1609

78:
Members: 3189 3260 3261 3268 3277 3279 3280 3281 3300 3303 3305 3309 3323 3324

79:
Members: 5101 5105 5107 5118 5121 5555 5561 5620 5622 5685 5686 5692 5695 5700

80:
Members: 1713 1714 1716 1732 1734 1735 1736 1737 1860 1872 1873 1900 1916 1920

81:
Members: 366 367 368 372 379 409 418 419 426 427 430 3013 3014

82:
Members: 688 690 694 697 698 716 717 761 804 815 823 824 826

83:
Members: 858 861 868 869 870 871 884 886 887 901 1053 1055 4468

84:
Members: 1332 1333 1405 1413 1501 1509 1512 1513 1515 3378 3379 3380 3382

85:
Members: 2086 2101 2108 2118 2121 2139 2141 2143 2148 2149 2150 2151 2161

86:
Members: 2536 2538 2565 2573 2581 2582 2585 2626 2627 2639 2640 2650 2652

87:
Members: 1594 1595 1596 1611 3452 3453 3457 3473 3474 3475 3477 3478 3479

88:
Members: 3790 3792 3835 3836 3837 3847 3848 3849 3850 3856 3857 3858 3859

89:
Members: 853 854 856 857 888 3294 3314 3318 3333 4655 4659 4820 4822

90:
Members: 259 261 262 268 310 362 364 376 377 378 382 387 391

91:
Members: 609 610 611 614 615 1178 3313 3329 3335 3336 3338 3339 3354

92:
Members: 5243 5246 5267 5300 5304 5305 5306 5308 5309 5310 5311 5313 5336

93:
Members: 1660 1662 1663 1667 1668 1669 1670 1674 1675 1676 2280 2281

94:
Members: 2393 2394 2401 4328 4331 4332 4334 4335 4347 4348 4369 4371

95:
Members: 580 581 584 4958 4959 4967 4974 4975 4995 5027 5032 5036

96:
Members: 4936 4942 5045 5046 5047 5048 5049 5059 5062 5063 5069 5074

97:
Members: 5086 5111 5112 5117 5119 5126 5128 5129 5130 5131 5132 5133

98:
Members: 3519 5220 5226 5232 5238 5251 5252 5274 5276 5278 5280 5282

99:
Members: 515 5375 5378 5379 5380 5382 5383 5397 5398 5401 5403 5405

100:
Members: 3569 3574 3575 3603 3611 5653 5654 5655 5658 5674 5676 5714

101:
Members: 776 3119 3129 3147 3149 3150 3157 5702 5704 5706 5708 5712

102:
Members: 2058 2078 2080 2083 2084 2085 2088 2089 2091 2423 2424 2425

103:
Members: 4715 4725 4726 4732 4735 4736 4748 4749 4750 4751 4757 5812

104:
Members: 1589 1695 1773 1980 1985 1986 2371 2996 2999 3936 3939 3940

105:
Members: 168 241 245 251 252 257 282 296 305 306 324

106:
Members: 748 751 753 754 755 758 759 789 814 838 843

107:
Members: 4458 4464 4465 4466 4467 4470 4475 4476 4480 4546 4563 4591

108:
Members: 216 260 265 267 271 293 2023 2079 2132 2134 2136

109:
Members: 1462 1463 1464 1481 1484 1486 1488 1489 1982 1983 1984

110:
Members: 3060 3079 3080 3090 3092 3108 3118 3122 3164 3167 3170

111:
Members: 4325 4342 4343 4344 4345 4359 4362 4363 4364 4366 4367

112:
Members: 686 3419 3435 4474 4478 4482 4483 4488 4489 4490 4491

113:
Members: 4610 4618 4636 4637 4640 4642 4678 4701 4702 4716 4801

114:
Members: 5683 5687 5688 5693 5696 5697 5698 5699 5713 5721 5722

115:
Members: 2899 2900 2957 2960 2961 2962 2970 2973 2976 3089 3091

116:
Members: 1138 1139 1232 1233 2290 2291 2298 4949 4951 4952 4962

117:
Members: 760 775 790 809 811 816 817 818 819 820 829

118:
Members: 4830 4848 4850 4857 4956 4963 4964 4965 4968 4969 4970

119:
Members: 215 229 231 232 291 292 295 318 319 320

120:
Members: 482 486 499 509 510 511 516 1135 1140 4071

121:
Members: 1143 1144 1148 1149 1151 1153 1154 1155 1156 1166

122:
Members: 1424 1426 1427 1432 1434 1435 1436 1443 1457 1477

123:
Members: 2262 2321 2322 2323 2324 2329 2333 2334 2335 2336

124:
Members: 2307 2308 2310 2311 2312 2320 2326 2332 2337 2338

125:
Members: 2689 2767 2776 2777 2792 2818 2820 2821 2823 2826

126:
Members: 3350 3358 3365 3398 3399 3401 3402 3403 3404 3405 4728

127:
Members: 4042 4044 4049 4051 4055 4056 4057 4058 4060 4073

128:
Members: 1076 1077 1113 1116 1133 4719 4720 4722 4724 4734

129:
Members: 992 993 4923 4971 4972 4977 4978 4980 4984 4987

130:
Members: 5009 5194 5200 5205 5206 5207 5208 5210 5240 5245

131:
Members: 4651 5233 5234 5281 5285 5301 5352 5355 5356 5499

132:
Members: 5476 5477 5478 5480 5481 5487 5488 5494 5495 5497

133:
Members: 5486 5491 5492 5505 5509 5512 5518 5542 5547 5562

134:
Members: 234 238 1524 1526 1527 1529 1531 1532 1533 1535

135:
Members: 28 31 115 1849 1850 1852 1853 1854 1855 1856

136:
Members: 1604 1612 1614 1617 3529 3531 3532 3564 3595 3604

137:
Members: 3367 3368 4453 4454 4455 4527 4528 4531 4550 4558

138:
Members: 4111 5253 5254 5255 5256 5262 5265 5268 5271 5277

139:
Members: 66 93 95 96 97 105 106 108 109

140:
Members: 3963 3976 3977 3980 3983 3984 3989 3990 3992 3993

141:
Members: 432 434 435 439 440 445 446 456 3665

142:
Members: 806 808 1064 1067 1068 1073 2653 2662 2664 5489

143:
Members: 678 680 681 682 683 684 685 2708 4390

144:
Members: 574 577 585 603 605 665 668 702 5580

145:
Members: 63 1542 2844 2845 2846 4621 5510 5796 5797

146:
Members: 1608 1610 1935 1939 1940 1948 1951 1952 1955

147:
Members: 1728 1740 1741 1742 1745 1752 1784 1785 1789

148:
Members: 965 2328 2673 2702 2703 2716 2742 2747 2813

149:
Members: 3009 3010 3024 3025 3027 3028 3031 3032 3033

150:
Members: 3851 3860 3868 3870 3871 3875 3877 3894 3899

151:
Members: 86 99 3997 3998 4035 4036 4052 4062 4082

152:
Members: 4002 4003 4006 4007 4008 4009 4012 4023 4043

153:
Members: 4205 4206 4208 4239 4240 4241 4401 4402 4409

154:
Members: 4385 4386 4387 4413 4415 4418 4422 4423 4426

155:
Members: 3902 3907 3910 3913 4737 4738 4739 4740 4741

156:
Members: 3223 3819 4821 4841 4842 4872 4877 4904 4905

157:
Members: 5479 5482 5490 5519 5536 5538 5540 5571 5572

158:
Members: 2292 5813 5816 5830 5831 5833 5840 5841 5845

159:
Members: 5879 5880 5910 5919 5934 5939 5976 5979 5981

160:
Members: 184 186 214 217 218 221 225 356 357

161:
Members: 4494 4499 4500 4511 4535 4536 4540 4541 4545

162:
Members: 4844 4845 4846 4847 4859 4862 4865 4869 4871

163:
Members: 428 630 633 647 648 649 655 658 4533

164:
Members: 436 1621 1623 1641 1642 1643 2225 2229 2231

165:
Members: 2492 2494 2522 2524 2525 2534 3791 3794 3795

166:
Members: 1128 1131 1991 3782 3793 3796 3800 3808 3812

167:
Members: 1335 1336 1337 1338 4742 5432 5435 5438 5442

168:
Members: 5563 5604 5605 5606 5607 5608 5609 5610 5652

169:
Members: 1397 1402 1406 1407 1416 1440 5184 5212 5214

170:
Members: 770 794 5318 5319 5320 5321 5322 5323 5324

171:
Members: 2 5 6 13 19 33 76 1739

172:
Members: 736 738 739 740 746 749 750 756

173:
Members: 618 620 641 642 643 644 659 2722 2723

174:
Members: 679 718 735 737 762 774 780 782

175:
Members: 799 800 801 889 890 939 940 1316 3842

176:
Members: 936 937 938 948 951 988 990 994

177:
Members: 1288 1347 1348 1349 1356 1393 1394 1401

178:
Members: 1339 1340 1341 1342 1343 1344 1346 1351

179:
Members: 90 94 98 151 1502 1503 1506 1507

180:
Members: 1613 1629 1633 1637 1645 1647 1649 1650

181:
Members: 2105 2106 2107 2110 2112 2115 2116 2117

182:
Members: 2417 2446 2447 2459 2474 2483 2499 2500

183:
Members: 2546 2547 2554 2555 2556 2561 2563 4317

184:
Members: 2506 2509 2647 2784 2789 5019 5037 5040

185:
Members: 3068 3074 3077 3078 3081 3098 3101 3103

186:
Members: 360 361 3460 3466 3468 3469 3472 3486

187:
Members: 3482 3594 4125 4133 5795 5798 5799 5800

188:
Members: 4190 4209 4230 4248 4249 4251 4259 4293

189:
Members: 4291 4292 4294 4306 4308 4417 4477 4485

190:
Members: 1759 1769 1772 1774 3931 4554 4587 4588

191:
Members: 3201 4575 4576 4577 4578 4579 4580 4582

192:
Members: 4505 4506 4544 4561 4564 4565 4570 4603

193:
Members: 944 1111 1112 1119 3726 5179 5181 5182

194:
Members: 3394 3395 3396 4068 4695 4696 4700 5367

195:
Members: 4689 4692 4693 4694 4819 4996 5025 5028

196:
Members: 631 632 635 637 5329 5340 5341 5342

197:
Members: 325 332 723 724 3499 3521 3546 4416

198:
Members: 863 4064 4065 4066 4092 4093 4112 4117

199:
Members: 1092 4405 4682 4688 4699 4776 4777 4778

200:
Members: 4924 4925 4928 4939 4941 4943 4945 4946

201:
Members: 30 5421 5422 5433 5434 5454 5455 5468

202:
Members: 2491 5092 5093 5125 5135 5140 5153 5154

203:
Members: 490 494 1354 1355 4039 4040 4041 5787

204:
Members: 617 1134 1141 1146 1157 1327 1330 1345

205:
Members: 475 476 3747 3750 3751 4641 5249 5250

206:
Members: 899 900 903 906 1439 1442 1445 4619

207:
Members: 7 8 10 11 16 18 23

208:
Members: 159 160 161 199 202 297 298

209:
Members: 350 352 353 354 462 464 465 2566

210:
Members: 346 349 351 355 2587 2592 5567 5603

211:
Members: 569 590 593 595 597 675 677 4099

212:
Members: 491 4447 4562 4567 4594 4620 4999

213:
Members: 395 404 602 606 638 3319 4324

214:
Members: 3284 3285 3337 4080 5728 5730 5731

215:
Members: 208 219 220 3053 3132 3172 3386

216:
Members: 1001 1005 1006 3144 5985 5987 5988

217:
Members: 954 982 996 997 1019 1023 1035

218:
Members: 1104 1105 1106 1107 1125 1201 3516

219:
Members: 1747 1755 1760 1761 1801 1802 1810

220:
Members: 1273 1275 1276 1279 1280 1851 2044

221:
Members: 2235 2236 2246 2248 2254 2256 2277

222:
Members: 2347 2348 2349 2366 2385 2411 4096

223:
Members: 2463 2467 2469 2470 2471 2472 2473

224:
Members: 2933 2952 2954 2955 2956 2958 2987

225:
Members: 2992 2997 2998 5809 5817 5818 5819

226:
Members: 3416 3447 3448 3449 3451 3455 3485

227:
Members: 3491 3492 3493 3658 3671 3674 3677

228:
Members: 3065 3173 3684 3689 3706 3711 3712

229:
Members: 1666 1672 3911 3938 3942 3952 3954

230:
Members: 3775 3781 3810 3814 3818 3823 3824

231:
Members: 1228 1241 3282 3283 3846 3852 3882

232:
Members: 4157 4164 4183 4185 4187 4189 5041

233:
Members: 4115 4116 4121 4316 4357 4358 5670

234:
Members: 4568 4569 4571 4584 4586 4589 4595

235:
Members: 4616 4653 4654 4656 4666 4683 4691

236:
Members: 5565 5566 5602 5614 5619 5623 5624

237:
Members: 5716 5732 5733 5736 5772 5777 5778

238:
Members: 1894 1912 1913 1915 1917 1921 3740

239:
Members: 2351 2354 2358 2416 5930 5931 5935

240:
Members: 4086 4088 4102 4140 4831 4839 4863

241:
Members: 281 429 433 443 458 463 2185

242:
Members: 1812 1835 1837 1867 1885 1897 1899

243:
Members: 3676 3686 3691 3692 3828 3829 3831

244:
Members: 1281 1303 1304 5349 5350 5752 5753

245:
Members: 2252 2253 2255 2264 2656 2657 2660

246:
Members: 3636 3698 3718 3721 3724 4843 4849

247:
Members: 932 999 1002 1003 1060 1061 3739

248:
Members: 1410 1540 2189 2330 2391 2395 2399

249:
Members: 9 37 39 40 46 51

250:
Members: 3644 3645 3656 3657 3660 3661 3663

251:
Members: 3029 3030 3694 3695 5550 5551 5559

252:
Members: 91 100 101 4634 4988 4989

253:
Members: 1194 1195 1198 1200 1219 1220 3967

254:
Members: 289 3415 3454 3456 3918 3919

255:
Members: 29 35 4542 4543 4585 4798

256:
Members: 634 1385 5457 5458 5459 5460

257:
Members: 125 126 135 337 338 340

258:
Members: 146 164 316 317 5534 5568

259:
Members: 625 4614 4626 4631 5353 5354

260:
Members: 877 879 1246 4090 4622 4623

261:
Members: 255 1021 1024 1037 1038 1039

262:
Members: 1058 1071 1072 1074 1080 1094

263:
Members: 1136 1223 1230 1231 1237 4376

264:
Members: 1378 1379 1388 1468 1688 1691

265:
Members: 654 656 1392 1395 1396 5854

266:
Members: 1546 3607 3608 3612 3613 3621

267:
Members: 1710 1712 1715 1718 1719 1988

268:
Members: 1764 4222 4233 4234 4547 4566

269:
Members: 1780 1783 1795 1796 1797 1811

270:
Members: 1767 1803 1828 1830 1839 1859

271:
Members: 1884 1888 1934 1936 1937 1938

272:
Members: 1994 1995 2032 5905 5907 5908

273:
Members: 2383 2384 2386 2388 2389 4992

274:
Members: 5780 5782 5783 5803 5804 5806 5807 5810

275:
Members: 2803 2804 2830 2831 2871 2878

276:
Members: 2827 2828 2829 2880 2881 2904

277:
Members: 3343 3345 3348 3349 3433 3437

278:
Members: 3355 3356 3381 3666 3667 3668

279:
Members: 2012 3484 3544 3545 5029 5030

280:
Members: 3591 3592 3602 3606 3619 3622

281:
Members: 3767 3769 3771 3772 3773 3774

282:
Members: 3664 3675 3777 3783 3788 4077

283:
Members: 4129 4130 4131 4914 4917 4918

284:
Members: 4320 4326 4374 4410 4414 4664

285:
Members: 4507 4512 4521 4522 4523 4538

286:
Members: 4492 4493 4513 4514 4516 4518

287:
Members: 4744 4745 4752 4753 4754 4756

288:
Members: 4780 4781 4790 4791 4805 4825

289:
Members: 4827 4833 4834 4835 4837 4838

290:
Members: 4448 4881 4909 4911 4912 4913

291:
Members: 4397 4916 5222 5443 5444 5445

292:
Members: 5057 5060 5061 5064 5065 5066

293:
Members: 5142 5143 5146 5147 5148 5149

294:
Members: 5275 5288 5292 5312 5314 5315

295:
Members: 5248 5257 5258 5297 5298 5299

296:
Members: 5412 5413 5414 5415 5416 5419

297:
Members: 5575 5592 5593 5595 5598 5599

298:
Members: 1455 1478 1480 5219 5781 5784

299:
Members: 487 488 544 545 546 547

300:
Members: 492 495 496 498 501 502

301:
Members: 962 963 1575 2041 2181 2504

302:
Members: 1632 1635 3371 3373 3581 3582

303:
Members: 2550 2551 2552 2553 2560 2591

304:
Members: 1428 1429 1430 4671 5152 5169

305:
Members: 4669 4670 4684 4698 5011 5202

306:
Members: 5261 5263 5264 5269 5325 5327

307:
Members: 902 1089 1091 1093 1097 1110

308:
Members: 777 847 3155 3162 3174 3211

309:
Members: 3388 3495 3534 3559 3562 4665

310:
Members: 343 415 416 417 1256 1257

311:
Members: 1725 1726 1730 1731 1750 1754

312:
Members: 1030 5887 5922 5928 5938 5940

313:
Members: 2436 4085 4087 4097 4098 4104

314:
Members: 3397 3426 3428 3577 3578 4602

315:
Members: 74 75 1245 1473 1574

316:
Members: 388 389 399 400 406

317:
Members: 392 396 402 414 629

318:
Members: 410 591 592 600 3325

319:
Members: 300 312 323 425 455

320:
Members: 525 526 549 673 742

321:
Members: 601 604 623 624 626

322:
Members: 725 727 728 763 2466

323:
Members: 558 560 797 798 803

324:
Members: 812 813 3249 4278 4281

325:
Members: 537 539 540 541 542

326:
Members: 608 616 640 5361 5362

327:
Members: 830 835 2697 5239 5270

328:
Members: 1180 1310 1318 1324 3148

329:
Members: 1371 4676 4677 4759 4803

330:
Members: 1618 1619 1620 1622 1626

331:
Members: 2049 2050 2051 2053 2102

332:
Members: 2111 2113 2114 2122 2287

333:
Members: 1681 1686 3226 3227 3228

334:
Members: 3376 3377 3624 3625 3640

335:
Members: 3476 3480 3481 3494 3509

336:
Members: 3696 3697 3701 3703 3709

337:
Members: 3725 3743 3744 3745 3780

338:
Members: 4100 4153 4156 4163 4165

339:
Members: 4195 4201 4203 4215 4235

340:
Members: 4210 4211 4212 4221 4462

341:
Members: 2460 3058 3059 3111 3112

342:
Members: 4257 4265 4498 4504 4593

343:
Members: 4304 4305 4307 4314 4315

344:
Members: 4349 4370 4389 4399 4407

345:
Members: 4353 4365 4375 4393 4395

346:
Members: 3429 3430 3431 3434 3561

347:
Members: 4435 4437 4438 4469 4471

348:
Members: 4517 4519 5513 5514 5516

349:
Members: 907 956 4445 4590 4954

350:
Members: 4598 4601 4628 4629 4630

351:
Members: 4852 4853 4854 4868 4876

352:
Members: 4794 4797 4894 4895 4898

353:
Members: 2313 2316 4899 4900 4903

354:
Members: 3057 5068 5070 5071 5099

355:
Members: 5079 5082 5084 5085 5109

356:
Members: 264 365 373 374 4662

357:
Members: 1031 1036 1040 4473 4604

358:
Members: 3713 3714 3716 3717 3719

359:
Members: 4649 4650 4652 4658 5569

360:
Members: 4624 4632 4633 4635 4645

361:
Members: 5363 5364 5365 5366 5373

362:
Members: 747 4309 4313 4729 4758

363:
Members: 2705 5331 5333 5334 5335

364:
Members: 381 556 613 772 1027

365:
Members: 299 301 485 3344

366:
Members: 68 72 73 4095

367:
Members: 112 144 145 152

368:
Members: 150 344 347 348

369:
Members: 413 1520 1743 1744

370:
Members: 564 2046 2047 2048

371:
Members: 672 676 696 4155

372:
Members: 766 784 785 786

373:
Members: 821 952 953 968

374:
Members: 872 873 875 3680

375:
Members: 891 893 973 1723

376:
Members: 107 2909 2924 3244

377:
Members: 752 4990 5004 5008 5026

378:
Members: 371 2993 3001 3005

379:
Members: 527 529 3981 3982

380:
Members: 703 707 5051 5055

381:
Members: 2489 2493 4368 4373

382:
Members: 287 307 1137 3789

383:
Members: 555 4070 5769 5770

384:
Members: 586 5188 5648 5649

385:
Members: 651 2834 2837 2842

386:
Members: 852 4763 4824 4828

387:
Members: 876 880 2404 2406

388:
Members: 975 976 1075 1081

389:
Members: 1108 1109 1209 1211

390:
Members: 1164 1165 1168 1190

391:
Members: 1519 1521 1523 4054

392:
Members: 1559 1560 1561 1585

393:
Members: 1964 1966 1967 1971

394:
Members: 2001 2007 2009 2010

395:
Members: 2194 2204 2223 2224

396:
Members: 2266 2288 2289 2297

397:
Members: 2306 2327 2331 2350

398:
Members: 2415 5001 5005 5006

399:
Members: 897 898 2584 3861

400:
Members: 2894 2896 2907 2915

401:
Members: 2922 2926 2968 2977

402:
Members: 3082 3099 3100 3105

403:
Members: 3748 3749 3752 3753

404:
Members: 3756 3757 3758 3761

405:
Members: 3944 3946 3947 3978

406:
Members: 3971 3973 3974 3975

407:
Members: 4120 5740 5741 5743

408:
Members: 4886 4887 4889 4892

409:
Members: 5022 5031 5034 5035

410:
Members: 5067 5072 5073 5077

411:
Members: 2309 2315 2518 3291

412:
Members: 2300 2301 5710 5711

413:
Members: 4456 4459 4461 4463

414:
Members: 4436 4897 4998 5000

415:
Members: 5183 5316 5326 5328

416:
Members: 5689 5690 5691 5694

417:
Members: 5724 5725 5726 5729

418:
Members: 5737 5751 5757 5758

419:
Members: 5771 5773 5774 5779

420:
Members: 5834 5837 5838 5839

421:
Members: 5878 5881 5882 5888

422:
Members: 5902 5914 5915 5977

423:
Members: 1132 3200 5056 5095

424:
Members: 1482 1483 4392 4394

425:
Members: 5502 5508 5579 5581

426:
Members: 559 561 562 576

427:
Members: 2719 2721 2728 3267

428:
Members: 1978 4134 4135 5290

429:
Members: 280 1369 1819 1824

430:
Members: 424 470 2608 3586

431:
Members: 1207 1289 2613 2761

432:
Members: 2314 4948 4953 4960

433:
Members: 4269 4288 4289 4419

434:
Members: 5507 5582 5583 5587

435:
Members: 1790 1825 1840 1845

436:
Members: 1697 1698 1763

437:
Members: 2562 3442 4484

438:
Members: 1225 1239 5511

439:
Members: 2486 3539 3834

440:
Members: 504 5017 5469

441:
Members: 182 187 3853

442:
Members: 277 294 336

443:
Members: 162 398 2006

444:
Members: 408 5094 5098

445:
Members: 795 802 3827

446:
Members: 1530 1692 1733

447:
Members: 41 49 50

448:
Members: 58 59 62

449:
Members: 80 83 85

450:
Members: 116 117 3720

451:
Members: 133 134 136

452:
Members: 286 288 4021

453:
Members: 308 313 3498

454:
Members: 454 521 522

455:
Members: 460 469 1202

456:
Members: 471 477 478

457:
Members: 568 570 4730

458:
Members: 512 588 589

459:
Members: 695 713 715

460:
Members: 719 720 3520

461:
Members: 848 849 855

462:
Members: 878 4089 4091

463:
Members: 1013 1014 1015

464:
Members: 411 1062 1063

465:
Members: 1082 1117 1121

466:
Members: 1150 1163 1791

467:
Members: 1636 1638 1640

468:
Members: 1817 1818 1822

469:
Members: 1829 1848 3723

470:
Members: 1914 1925 1926

471:
Members: 1944 1945 4446

472:
Members: 1989 2013 2015

473:
Members: 2064 2071 2076

474:
Members: 2368 2369 4660

475:
Members: 2421 2422 2431

476:
Members: 2497 2501 2529

477:
Members: 158 2868 2903

478:
Members: 2870 2872 2874

479:
Members: 2919 2925 2934

480:
Members: 2927 2928 2929

481:
Members: 1470 2978 2979

482:
Members: 3043 3046 3069

483:
Members: 3202 3203 3204

484:
Members: 598 599 3543

485:
Members: 3707 3710 3722

486:
Members: 3776 3778 3779

487:
Members: 4355 4360 4361

488:
Members: 4643 4644 5859

489:
Members: 5054 5627 5631

490:
Members: 5102 5103 5165

491:
Members: 5199 5209 5217

492:
Members: 5386 5387 5388

493:
Members: 5368 5417 5427

494:
Members: 5937 5945 5952

495:
Members: 5964 5970 5980

496:
Members: 3136 5983 5984

497:
Members: 5992 5995 5997

498:
Members: 447 449 5990

499:
Members: 1472 1475 1476

500:
Members: 1534 1625 1634

501:
Members: 1792 1992 1993

502:
Members: 1815 2196 2201

503:
Members: 2267 2271 2272

504:
Members: 2418 2419 3414

505:
Members: 2093 2095 2451

506:
Members: 1103 1114 1118

507:
Members: 1454 2712 5429

508:
Members: 1690 2959 3787

509:
Members: 2284 2690 2707

510:
Members: 4860 4861 4891

511:
Members: 4991 4997 5013

512:
Members: 4993 4994 5033

513:
Members: 1788 1804 1808

514:
Members: 2770 3547 3548

515:
Members: 266 4919 4926

516:
Members: 3357 3392 3400

517:
Members: 1056 3887 3906

518:
Members: 769 779 791

519:
Members: 998 3762 5307

520:
Members: 927 4197 4198

521:
Members: 4555 4556 4557

522:
Members: 5231 5788 5794

523:
Members: 5393 5394 5400

524:
Members: 3678 3682 4611

525:
Members: 326 1047 1363

526:
Members: 1208 1263

527:
Members: 230 243

528:
Members: 270 5744

529:
Members: 345 831

530:
Members: 645 4627

531:
Members: 909 911

532:
Members: 969 3815

533:
Members: 1514 2833

534:
Members: 2365 3109

535:
Members: 3374 3441

536:
Members: 3651 3809

537:
Members: 972 4893

538:
Members: 452 5104

539:
Members: 3 4441

540:
Members: 237 1522

541:
Members: 290 302

542:
Members: 548 2516

543:
Members: 596 4076

544:
Members: 805 807

545:
Members: 850 885

546:
Members: 904 913

547:
Members: 1102 1115

548:
Members: 1129 1130

549:
Members: 423 1366

550:
Members: 1367 1399

551:
Members: 1582 1598

552:
Members: 1962 1972

553:
Members: 2031 3497

554:
Members: 2340 2519

555:
Members: 2663 4559

556:
Members: 3141 5216

557:
Members: 3158 3160

558:
Members: 3178 3179

559:
Members: 500 3299

560:
Members: 3332 4836

561:
Members: 3413 3417

562:
Members: 3458 3560

563:
Members: 2170 3489

564:
Members: 3517 3518

565:
Members: 3629 3642

566:
Members: 3839 4765

567:
Members: 3985 3987

568:
Members: 2413 4101

569:
Members: 4181 5756

570:
Members: 4207 4217

571:
Members: 4424 4573

572:
Members: 4605 4606

573:
Members: 5116 5792

574:
Members: 5193 5198

575:
Members: 2410 5515

576:
Members: 5560 5701

577:
Members: 2257 5776

578:
Members: 3462 5862

579:
Members: 21 22

580:
Members: 127 321

581:
Members: 272 273

582:
Members: 363 385

583:
Members: 721 722

584:
Members: 787 788

585:
Members: 882 883

586:
Members: 917 924

587:
Members: 1179 1181

588:
Members: 1234 1236

589:
Members: 1314 1315

590:
Members: 1329 4681

591:
Members: 1414 1415

592:
Members: 1467 1479

593:
Members: 1517 1518

594:
Members: 1538 1539

595:
Members: 1564 5600

596:
Members: 1639 5973

597:
Members: 1644 1658

598:
Members: 1648 3420

599:
Members: 1711 3890

600:
Members: 1720 4232

601:
Members: 2011 2018

602:
Members: 2035 2748

603:
Members: 2039 2057

604:
Members: 2077 2082

605:
Members: 2378 2643

606:
Members: 2426 2510

607:
Members: 2458 2588

608:
Members: 2943 2944

609:
Members: 3008 3012

610:
Members: 3137 3143

611:
Members: 3161 3210

612:
Members: 3188 3198

613:
Members: 3216 3307

614:
Members: 3501 3503

615:
Members: 3727 3731

616:
Members: 3755 5548

617:
Members: 3785 4323

618:
Members: 3914 3917

619:
Members: 3920 4922

620:
Members: 3979 3991

621:
Members: 4024 4037

622:
Members: 4047 4074

623:
Members: 4069 4832

624:
Members: 4236 4245

625:
Members: 4237 4238

626:
Members: 4333 4341

627:
Members: 4646 4663

628:
Members: 4647 4816

629:
Members: 4673 4679

630:
Members: 4703 4707

631:
Members: 4762 4940

632:
Members: 4826 4829

633:
Members: 4888 4920

634:
Members: 4915 4955

635:
Members: 4947 4957

636:
Members: 5224 5237

637:
Members: 5302 5303

638:
Members: 5369 5370

639:
Members: 5396 5404

0:
Members: 15 17 114 149 189 233 263 335 397 401 437 444 451 461 467 483 543 550 552 594 646 687 714 771 778 796 810 874 991 1020 1066 1099 1224 1258 1302 1421 1516 1543 1586 1616 1624 1816 1832 1841 1842 1870 1871 1901 1905 1979 2008 2021 2045 2065 2087 2147 2164 2192 2227 2285 2325 2361 2380 2402 2456 2482 2488 2498 2527 2621 2711 2918 3076 3093 3097 3248 3290 3322 3326 3331 3364 3369 3370 3390 3393 3412 3425 3432 3436 3450 3459 3528 3576 3643 3700 3813 3862 3881 3956 3960 3962 4004 4013 4022 4025 4083 4122 4123 4149 4225 4263 4310 4350 4403 4433 4439 4442 4444 4479 4486 4537 4560 4596 4599 4613 4615 4625 4680 4685 4727 4731 4733 4766 4770 4800 4806 4935 4950 4976 4979 5010 5058 5078 5090 5106 5108 5115 5127 5145 5155 5157 5176 5195 5279 5296 5332 5389 5483 5484 5498 5506 5527 5552 5564 5618 5680 5709 5742 5748 5767 5786 5789 5811 5815 5824 5847 5906 5927 5946 5978 5989 6000

